# JRE version: Java(TM) SE Runtime Environment (21.0.7+8) (build 21.0.7+8-LTS-245)
# Java VM: Java HotSpot(TM) 64-Bit Server VM (21.0.7+8-LTS-245, mixed mode, sharing, tiered, compressed oops, compressed class ptrs, g1 gc, windows-amd64)
GC Precious Log:
 CardTable entry size: 512
 Card Set container configuration: InlinePtr #cards 5 size 8 Array Of Cards #cards 12 size 40 Howl #buckets 4 coarsen threshold 1843 Howl Bitmap #cards 512 size 80 coarsen threshold 460 Card regions per heap region 1 cards per card region 2048
 CPUs: 8 total, 8 available
 Memory: 16295M
 Large Page Support: Disabled
 NUMA Support: Disabled
 Compressed Oops: Enabled (32-bit)
 Heap Region Size: 1M
 Heap Min Capacity: 8M
 Heap Initial Capacity: 256M
 Heap Max Capacity: 1536M
 Pre-touch: Disabled
 Parallel Workers: 8
 Concurrent Workers: 2
 Concurrent Refinement Workers: 8
 Periodic GC: Disabled
Heap:
 garbage-first heap   total 196608K, used 128195K [0x00000000a0000000, 0x0000000100000000)
  region size 1024K, 10 young (10240K), 6 survivors (6144K)
 Metaspace       used 80907K, committed 83008K, reserved 1179648K
  class space    used 11097K, committed 12160K, reserved 1048576K
GC Heap History (20 events):
Event: 6.112 GC heap before
{Heap before GC invocations=15 (full 0):
 garbage-first heap   total 137216K, used 122162K [0x00000000a0000000, 0x0000000100000000)
  region size 1024K, 48 young (49152K), 6 survivors (6144K)
 Metaspace       used 58907K, committed 60800K, reserved 1114112K
  class space    used 8365K, committed 9344K, reserved 1048576K
}
Event: 6.116 GC heap after
{Heap after GC invocations=16 (full 0):
 garbage-first heap   total 137216K, used 81752K [0x00000000a0000000, 0x0000000100000000)
  region size 1024K, 6 young (6144K), 6 survivors (6144K)
 Metaspace       used 58907K, committed 60800K, reserved 1114112K
  class space    used 8365K, committed 9344K, reserved 1048576K
}
Event: 6.598 GC heap before
{Heap before GC invocations=17 (full 0):
 garbage-first heap   total 142336K, used 120664K [0x00000000a0000000, 0x0000000100000000)
  region size 1024K, 45 young (46080K), 6 survivors (6144K)
 Metaspace       used 60787K, committed 62720K, reserved 1114112K
  class space    used 8584K, committed 9536K, reserved 1048576K
}
Event: 6.604 GC heap after
{Heap after GC invocations=18 (full 0):
 garbage-first heap   total 142336K, used 86057K [0x00000000a0000000, 0x0000000100000000)
  region size 1024K, 6 young (6144K), 6 survivors (6144K)
 Metaspace       used 60787K, committed 62720K, reserved 1114112K
  class space    used 8584K, committed 9536K, reserved 1048576K
}
Event: 6.736 GC heap before
{Heap before GC invocations=18 (full 0):
 garbage-first heap   total 142336K, used 125993K [0x00000000a0000000, 0x0000000100000000)
  region size 1024K, 46 young (47104K), 6 survivors (6144K)
 Metaspace       used 61033K, committed 62976K, reserved 1114112K
  class space    used 8584K, committed 9536K, reserved 1048576K
}
Event: 6.742 GC heap after
{Heap after GC invocations=19 (full 0):
 garbage-first heap   total 142336K, used 87689K [0x00000000a0000000, 0x0000000100000000)
  region size 1024K, 4 young (4096K), 4 survivors (4096K)
 Metaspace       used 61033K, committed 62976K, reserved 1114112K
  class space    used 8584K, committed 9536K, reserved 1048576K
}
Event: 6.847 GC heap before
{Heap before GC invocations=19 (full 0):
 garbage-first heap   total 142336K, used 127625K [0x00000000a0000000, 0x0000000100000000)
  region size 1024K, 44 young (45056K), 4 survivors (4096K)
 Metaspace       used 61202K, committed 63104K, reserved 1114112K
  class space    used 8584K, committed 9536K, reserved 1048576K
}
Event: 6.849 GC heap after
{Heap after GC invocations=20 (full 0):
 garbage-first heap   total 142336K, used 88037K [0x00000000a0000000, 0x0000000100000000)
  region size 1024K, 4 young (4096K), 4 survivors (4096K)
 Metaspace       used 61202K, committed 63104K, reserved 1114112K
  class space    used 8584K, committed 9536K, reserved 1048576K
}
Event: 6.984 GC heap before
{Heap before GC invocations=21 (full 0):
 garbage-first heap   total 168960K, used 127973K [0x00000000a0000000, 0x0000000100000000)
  region size 1024K, 43 young (44032K), 4 survivors (4096K)
 Metaspace       used 61233K, committed 63104K, reserved 1114112K
  class space    used 8584K, committed 9536K, reserved 1048576K
}
Event: 6.988 GC heap after
{Heap after GC invocations=22 (full 0):
 garbage-first heap   total 168960K, used 89009K [0x00000000a0000000, 0x0000000100000000)
  region size 1024K, 4 young (4096K), 4 survivors (4096K)
 Metaspace       used 61233K, committed 63104K, reserved 1114112K
  class space    used 8584K, committed 9536K, reserved 1048576K
}
Event: 7.297 GC heap before
{Heap before GC invocations=22 (full 0):
 garbage-first heap   total 168960K, used 166833K [0x00000000a0000000, 0x0000000100000000)
  region size 1024K, 67 young (68608K), 4 survivors (4096K)
 Metaspace       used 62489K, committed 64448K, reserved 1114112K
  class space    used 8729K, committed 9728K, reserved 1048576K
}
Event: 7.302 GC heap after
{Heap after GC invocations=23 (full 0):
 garbage-first heap   total 181248K, used 109524K [0x00000000a0000000, 0x0000000100000000)
  region size 1024K, 9 young (9216K), 9 survivors (9216K)
 Metaspace       used 62489K, committed 64448K, reserved 1114112K
  class space    used 8729K, committed 9728K, reserved 1048576K
}
Event: 7.744 GC heap before
{Heap before GC invocations=23 (full 0):
 garbage-first heap   total 181248K, used 160724K [0x00000000a0000000, 0x0000000100000000)
  region size 1024K, 60 young (61440K), 9 survivors (9216K)
 Metaspace       used 66978K, committed 68992K, reserved 1114112K
  class space    used 9246K, committed 10240K, reserved 1048576K
}
Event: 7.748 GC heap after
{Heap after GC invocations=24 (full 0):
 garbage-first heap   total 181248K, used 111742K [0x00000000a0000000, 0x0000000100000000)
  region size 1024K, 2 young (2048K), 2 survivors (2048K)
 Metaspace       used 66978K, committed 68992K, reserved 1114112K
  class space    used 9246K, committed 10240K, reserved 1048576K
}
Event: 8.251 GC heap before
{Heap before GC invocations=25 (full 0):
 garbage-first heap   total 196608K, used 170110K [0x00000000a0000000, 0x0000000100000000)
  region size 1024K, 54 young (55296K), 2 survivors (2048K)
 Metaspace       used 71410K, committed 73472K, reserved 1114112K
  class space    used 9877K, committed 10944K, reserved 1048576K
}
Event: 8.255 GC heap after
{Heap after GC invocations=26 (full 0):
 garbage-first heap   total 196608K, used 117812K [0x00000000a0000000, 0x0000000100000000)
  region size 1024K, 7 young (7168K), 7 survivors (7168K)
 Metaspace       used 71410K, committed 73472K, reserved 1114112K
  class space    used 9877K, committed 10944K, reserved 1048576K
}
Event: 8.847 GC heap before
{Heap before GC invocations=26 (full 0):
 garbage-first heap   total 196608K, used 177204K [0x00000000a0000000, 0x0000000100000000)
  region size 1024K, 65 young (66560K), 7 survivors (7168K)
 Metaspace       used 75859K, committed 77952K, reserved 1179648K
  class space    used 10456K, committed 11520K, reserved 1048576K
}
Event: 8.853 GC heap after
{Heap after GC invocations=27 (full 0):
 garbage-first heap   total 196608K, used 120053K [0x00000000a0000000, 0x0000000100000000)
  region size 1024K, 4 young (4096K), 4 survivors (4096K)
 Metaspace       used 75859K, committed 77952K, reserved 1179648K
  class space    used 10456K, committed 11520K, reserved 1048576K
}
Event: 9.439 GC heap before
{Heap before GC invocations=27 (full 0):
 garbage-first heap   total 196608K, used 171253K [0x00000000a0000000, 0x0000000100000000)
  region size 1024K, 55 young (56320K), 4 survivors (4096K)
 Metaspace       used 80686K, committed 82816K, reserved 1179648K
  class space    used 11058K, committed 12160K, reserved 1048576K
}
Event: 9.443 GC heap after
{Heap after GC invocations=28 (full 0):
 garbage-first heap   total 196608K, used 122051K [0x00000000a0000000, 0x0000000100000000)
  region size 1024K, 6 young (6144K), 6 survivors (6144K)
 Metaspace       used 80686K, committed 82816K, reserved 1179648K
  class space    used 11058K, committed 12160K, reserved 1048576K
}

